d:\project\sparta\sparta\debug\vc140.pdb
d:\project\sparta\sparta\debug\vc140.idb
d:\project\sparta\sparta\debug\enemy.obj
d:\project\sparta\sparta\debug\ability.obj
d:\project\sparta\sparta\debug\game.obj
d:\project\sparta\sparta\debug\units.obj
d:\project\sparta\sparta\debug\main.obj
d:\project\sparta\sparta\debug\typeunits.obj
d:\project\sparta\sparta\debug\weapons.obj
d:\project\sparta\sparta\debug\weaponstype.obj
d:\project\sparta\sparta\debug\sparta.obj
d:\project\sparta\debug\sparta.ilk
d:\project\sparta\debug\sparta.exe
d:\project\sparta\debug\sparta.pdb
d:\project\sparta\sparta\debug\sparta.tlog\cl.command.1.tlog
d:\project\sparta\sparta\debug\sparta.tlog\cl.read.1.tlog
d:\project\sparta\sparta\debug\sparta.tlog\cl.write.1.tlog
d:\project\sparta\sparta\debug\sparta.tlog\link.command.1.tlog
d:\project\sparta\sparta\debug\sparta.tlog\link.read.1.tlog
d:\project\sparta\sparta\debug\sparta.tlog\link.write.1.tlog
